<?xml version="1.0" encoding="UTF-8"?>
<robot generator="Robot 7.3.2 (Python 3.11.11 on darwin)" generated="2025-07-30T14:13:58.300539" rpa="false" schemaversion="5">
<suite id="s1" name="Test" source="/Users/ahram/Desktop/아람/Resume/이직/7_스푼랩스/Spoon2/robot/test.robot">
<test id="s1-t1" name="채팅 버튼 출력" line="30">
<kw name="Open Spoonme Live" type="SETUP">
<kw name="Open Application" owner="AppiumLibrary">
<arg>${REMOTE_URL}</arg>
<arg>platformName=${PLATFORM}</arg>
<arg>deviceName=${DEVICE_ID}</arg>
<arg>appPackage=${APP_PACKAGE}</arg>
<arg>appActivity=${APP_ACTIVITY}</arg>
<arg>automationName=UiAutomator2</arg>
<arg>noReset=${True}</arg>
<doc>Opens a new application to given Appium server.
Capabilities of appium server, Android and iOS,
Please check https://appium.io/docs/en/2.1/cli/args/
| *Option*            | *Man.* | *Description*     |
| remote_url          | Yes    | Appium server url |
| alias               | no     | alias             |
| strict_ssl          | No     | allows you to send commands to an invalid certificate host like a self-signed one. |</doc>
<status status="PASS" start="2025-07-30T14:13:58.405620" elapsed="3.594083"/>
</kw>
<status status="PASS" start="2025-07-30T14:13:58.405225" elapsed="3.594931"/>
</kw>
<kw name="Wait Until Element Is Visible" owner="AppiumLibrary">
<msg time="2025-07-30T14:14:04.799052" level="INFO">xpath criteria: //android.widget.ImageView[@content-desc="chat button"]</msg>
<arg>${CHAT_BUTTON}</arg>
<arg>10s</arg>
<doc>Waits until element specified with `locator` is visible.</doc>
<status status="PASS" start="2025-07-30T14:14:02.000930" elapsed="2.798291"/>
</kw>
<kw name="Element Should Be Visible" owner="AppiumLibrary">
<msg time="2025-07-30T14:14:05.891992" level="INFO">xpath criteria: //android.widget.ImageView[@content-desc="chat button"]</msg>
<arg>${CHAT_BUTTON}</arg>
<doc>Verifies that element identified with locator is visible.</doc>
<status status="PASS" start="2025-07-30T14:14:04.799674" elapsed="1.092435"/>
</kw>
<kw name="Close Application" owner="AppiumLibrary" type="TEARDOWN">
<doc>Closes the current application and also close webdriver session.</doc>
<status status="PASS" start="2025-07-30T14:14:05.892559" elapsed="0.500346"/>
</kw>
<doc>방송 화면에서 채팅 버튼 출력 확인</doc>
<status status="PASS" start="2025-07-30T14:13:58.404558" elapsed="7.988612"/>
</test>
<test id="s1-t2" name="하트 버튼 출력" line="35">
<kw name="Open Spoonme Live" type="SETUP">
<kw name="Open Application" owner="AppiumLibrary">
<arg>${REMOTE_URL}</arg>
<arg>platformName=${PLATFORM}</arg>
<arg>deviceName=${DEVICE_ID}</arg>
<arg>appPackage=${APP_PACKAGE}</arg>
<arg>appActivity=${APP_ACTIVITY}</arg>
<arg>automationName=UiAutomator2</arg>
<arg>noReset=${True}</arg>
<doc>Opens a new application to given Appium server.
Capabilities of appium server, Android and iOS,
Please check https://appium.io/docs/en/2.1/cli/args/
| *Option*            | *Man.* | *Description*     |
| remote_url          | Yes    | Appium server url |
| alias               | no     | alias             |
| strict_ssl          | No     | allows you to send commands to an invalid certificate host like a self-signed one. |</doc>
<status status="PASS" start="2025-07-30T14:14:06.396325" elapsed="3.535004"/>
</kw>
<status status="PASS" start="2025-07-30T14:14:06.395627" elapsed="3.535997"/>
</kw>
<kw name="Wait Until Element Is Visible" owner="AppiumLibrary">
<msg time="2025-07-30T14:14:12.780739" level="INFO">xpath criteria: //android.widget.ProgressBar[@resource-id="co.spoonme:id/prog_heart"]</msg>
<arg>${HEART_BUTTON}</arg>
<arg>10s</arg>
<doc>Waits until element specified with `locator` is visible.</doc>
<status status="PASS" start="2025-07-30T14:14:09.932057" elapsed="2.849154"/>
</kw>
<kw name="Element Should Be Visible" owner="AppiumLibrary">
<msg time="2025-07-30T14:14:13.878655" level="INFO">xpath criteria: //android.widget.ProgressBar[@resource-id="co.spoonme:id/prog_heart"]</msg>
<arg>${HEART_BUTTON}</arg>
<doc>Verifies that element identified with locator is visible.</doc>
<status status="PASS" start="2025-07-30T14:14:12.782373" elapsed="1.096573"/>
</kw>
<kw name="Close Application" owner="AppiumLibrary" type="TEARDOWN">
<doc>Closes the current application and also close webdriver session.</doc>
<status status="PASS" start="2025-07-30T14:14:13.880191" elapsed="0.457580"/>
</kw>
<doc>방송 화면에서 하트(좋아요) 버튼 출력 확인</doc>
<status status="PASS" start="2025-07-30T14:14:06.393808" elapsed="7.944314"/>
</test>
<test id="s1-t3" name="하트 버튼 선택" line="40">
<kw name="Open Spoonme Live" type="SETUP">
<kw name="Open Application" owner="AppiumLibrary">
<arg>${REMOTE_URL}</arg>
<arg>platformName=${PLATFORM}</arg>
<arg>deviceName=${DEVICE_ID}</arg>
<arg>appPackage=${APP_PACKAGE}</arg>
<arg>appActivity=${APP_ACTIVITY}</arg>
<arg>automationName=UiAutomator2</arg>
<arg>noReset=${True}</arg>
<doc>Opens a new application to given Appium server.
Capabilities of appium server, Android and iOS,
Please check https://appium.io/docs/en/2.1/cli/args/
| *Option*            | *Man.* | *Description*     |
| remote_url          | Yes    | Appium server url |
| alias               | no     | alias             |
| strict_ssl          | No     | allows you to send commands to an invalid certificate host like a self-signed one. |</doc>
<status status="PASS" start="2025-07-30T14:14:14.341701" elapsed="3.611594"/>
</kw>
<status status="PASS" start="2025-07-30T14:14:14.341155" elapsed="3.612488"/>
</kw>
<kw name="Wait Until Element Is Visible" owner="AppiumLibrary">
<msg time="2025-07-30T14:14:20.878626" level="INFO">xpath criteria: //android.widget.ProgressBar[@resource-id="co.spoonme:id/prog_heart"]</msg>
<arg>${HEART_BUTTON}</arg>
<arg>10s</arg>
<doc>Waits until element specified with `locator` is visible.</doc>
<status status="PASS" start="2025-07-30T14:14:17.954170" elapsed="2.924573"/>
</kw>
<kw name="Click Element" owner="AppiumLibrary">
<msg time="2025-07-30T14:14:20.880624" level="INFO">Clicking element 'xpath=//android.widget.ProgressBar[@resource-id="co.spoonme:id/prog_heart"]'.</msg>
<msg time="2025-07-30T14:14:32.966490" level="INFO">xpath criteria: //android.widget.ProgressBar[@resource-id="co.spoonme:id/prog_heart"]</msg>
<arg>${HEART_BUTTON}</arg>
<doc>Click element identified by `locator`.</doc>
<status status="PASS" start="2025-07-30T14:14:20.879019" elapsed="12.087559"/>
</kw>
<kw name="Close Application" owner="AppiumLibrary" type="TEARDOWN">
<doc>Closes the current application and also close webdriver session.</doc>
<status status="PASS" start="2025-07-30T14:14:32.966850" elapsed="0.480835"/>
</kw>
<doc>방송 화면에서 하트(좋아요) 버튼 선택 확인</doc>
<status status="PASS" start="2025-07-30T14:14:14.338839" elapsed="19.110605"/>
</test>
<status status="PASS" start="2025-07-30T14:13:58.301289" elapsed="35.155567"/>
</suite>
<statistics>
<total>
<stat pass="3" fail="0" skip="0">All Tests</stat>
</total>
<tag>
</tag>
<suite>
<stat name="Test" id="s1" pass="3" fail="0" skip="0">Test</stat>
</suite>
</statistics>
<errors>
</errors>
</robot>
